2025-08-16 15:56:00 | DEBUG | repo=tictactoe | action=pull
2025-08-04 21:51:00 | WARN | repo=tictactoe | action=commit
2025-06-06 17:09:00 | WARN | repo=tictactoe | action=commit
2025-06-13 16:51:00 | INFO | repo=tictactoe | action=edit | files=3
2025-12-18 08:08:00 | WARN | repo=tictactoe | action=edit | files=2
2025-05-03 18:18:00 | DEBUG | repo=tictactoe | action=commit
2025-06-07 09:04:00 | DEBUG | repo=tictactoe | action=pull
2025-06-14 19:25:00 | DEBUG | repo=tictactoe | action=commit
2025-09-01 07:40:00 | INFO | repo=tictactoe | action=commit
2025-05-21 17:47:00 | WARN | repo=tictactoe | action=edit | files=5
2025-10-19 08:30:00 | INFO | repo=tictactoe | action=commit
2025-08-02 09:00:00 | WARN | repo=tictactoe | action=edit | files=5
2025-01-25 13:47:00 | DEBUG | repo=tictactoe | action=commit
2025-12-15 18:24:00 | DEBUG | repo=tictactoe | action=edit | files=3
2025-05-22 13:18:00 | DEBUG | repo=tictactoe | action=pull
2025-01-19 12:53:00 | INFO | repo=tictactoe | action=commit
2025-12-17 19:29:00 | INFO | repo=tictactoe | action=test | passed=true
2025-07-24 09:25:00 | INFO | repo=tictactoe | action=commit
2025-11-27 20:24:00 | INFO | repo=tictactoe | action=test | passed=true
2025-12-03 13:22:00 | DEBUG | repo=tictactoe | action=commit
2025-11-07 08:52:00 | WARN | repo=tictactoe | action=commit
2025-10-25 15:50:00 | WARN | repo=tictactoe | action=test | passed=true
2025-11-13 15:53:00 | INFO | repo=tictactoe | action=test | passed=true
2025-03-23 08:30:00 | DEBUG | repo=tictactoe | action=pull
2025-06-28 13:27:00 | DEBUG | repo=tictactoe | action=commit
2025-12-28 07:19:00 | DEBUG | repo=tictactoe | action=commit
2025-07-24 19:42:00 | WARN | repo=tictactoe | action=pull
2025-01-26 12:56:00 | INFO | repo=tictactoe | action=commit
2025-02-05 20:20:00 | WARN | repo=tictactoe | action=commit
2025-11-15 15:11:00 | INFO | repo=tictactoe | action=test | passed=true
2025-11-05 21:57:00 | WARN | repo=tictactoe | action=commit
2025-04-19 15:42:00 | WARN | repo=tictactoe | action=commit
